INFO:     Will watch for changes in these directories: ['/Users/maxwell/PycharmProjects/PythonProject/Context_Augmented_Memory']
INFO:     Uvicorn running on http://127.0.0.1:8080 (Press CTRL+C to quit)
INFO:     Started reloader process [69478] using WatchFiles
/Users/maxwell/PycharmProjects/PythonProject/.venv/lib/python3.9/site-packages/google/api_core/_python_version_support.py:237: FutureWarning: You are using a non-supported Python version (3.9.6). Google will not post any further updates to google.api_core supporting this Python version. Please upgrade to the latest Python version, or at least Python 3.10, and then update google.api_core.
  warnings.warn(message, FutureWarning)
/Users/maxwell/PycharmProjects/PythonProject/.venv/lib/python3.9/site-packages/urllib3/__init__.py:35: NotOpenSSLWarning: urllib3 v2 only supports OpenSSL 1.1.1+, currently the 'ssl' module is compiled with 'LibreSSL 2.8.3'. See: https://github.com/urllib3/urllib3/issues/3020
  warnings.warn(
Process SpawnProcess-1:
Traceback (most recent call last):
  File "/Library/Developer/CommandLineTools/Library/Frameworks/Python3.framework/Versions/3.9/lib/python3.9/multiprocessing/process.py", line 315, in _bootstrap
    self.run()
  File "/Library/Developer/CommandLineTools/Library/Frameworks/Python3.framework/Versions/3.9/lib/python3.9/multiprocessing/process.py", line 108, in run
    self._target(*self._args, **self._kwargs)
  File "/Users/maxwell/PycharmProjects/PythonProject/.venv/lib/python3.9/site-packages/uvicorn/_subprocess.py", line 80, in subprocess_started
    target(sockets=sockets)
  File "/Users/maxwell/PycharmProjects/PythonProject/.venv/lib/python3.9/site-packages/uvicorn/server.py", line 67, in run
    return asyncio_run(self.serve(sockets=sockets), loop_factory=self.config.get_loop_factory())
  File "/Users/maxwell/PycharmProjects/PythonProject/.venv/lib/python3.9/site-packages/uvicorn/_compat.py", line 53, in asyncio_run
    return loop.run_until_complete(main)
  File "uvloop/loop.pyx", line 1518, in uvloop.loop.Loop.run_until_complete
  File "/Users/maxwell/PycharmProjects/PythonProject/.venv/lib/python3.9/site-packages/uvicorn/server.py", line 71, in serve
    await self._serve(sockets)
  File "/Users/maxwell/PycharmProjects/PythonProject/.venv/lib/python3.9/site-packages/uvicorn/server.py", line 78, in _serve
    config.load()
  File "/Users/maxwell/PycharmProjects/PythonProject/.venv/lib/python3.9/site-packages/uvicorn/config.py", line 438, in load
    self.loaded_app = import_from_string(self.app)
  File "/Users/maxwell/PycharmProjects/PythonProject/.venv/lib/python3.9/site-packages/uvicorn/importer.py", line 22, in import_from_string
    raise exc from None
  File "/Users/maxwell/PycharmProjects/PythonProject/.venv/lib/python3.9/site-packages/uvicorn/importer.py", line 19, in import_from_string
    module = importlib.import_module(module_str)
  File "/Library/Developer/CommandLineTools/Library/Frameworks/Python3.framework/Versions/3.9/lib/python3.9/importlib/__init__.py", line 127, in import_module
    return _bootstrap._gcd_import(name[level:], package, level)
  File "<frozen importlib._bootstrap>", line 1030, in _gcd_import
  File "<frozen importlib._bootstrap>", line 1007, in _find_and_load
  File "<frozen importlib._bootstrap>", line 986, in _find_and_load_unlocked
  File "<frozen importlib._bootstrap>", line 680, in _load_unlocked
  File "<frozen importlib._bootstrap_external>", line 850, in exec_module
  File "<frozen importlib._bootstrap>", line 228, in _call_with_frames_removed
  File "/Users/maxwell/PycharmProjects/PythonProject/Context_Augmented_Memory/proxy_api/app.py", line 8, in <module>
    from proxy_api.router import router
  File "/Users/maxwell/PycharmProjects/PythonProject/Context_Augmented_Memory/proxy_api/router.py", line 6, in <module>
    from proxy_api.services.normalize_output import normalize_response, fallback_normalize
ModuleNotFoundError: No module named 'proxy_api.services.normalize_output'
An error occurred: module 'importlib.metadata' has no attribute 'packages_distributions'
üåê Connected to Chroma server at localhost:8001
üîç Using collection: cam_memory
üìä Current entries: 4
WARNING:  WatchFiles detected changes in 'modules/context_service.py'. Reloading...
/Users/maxwell/PycharmProjects/PythonProject/.venv/lib/python3.9/site-packages/google/api_core/_python_version_support.py:237: FutureWarning: You are using a non-supported Python version (3.9.6). Google will not post any further updates to google.api_core supporting this Python version. Please upgrade to the latest Python version, or at least Python 3.10, and then update google.api_core.
  warnings.warn(message, FutureWarning)
/Users/maxwell/PycharmProjects/PythonProject/.venv/lib/python3.9/site-packages/urllib3/__init__.py:35: NotOpenSSLWarning: urllib3 v2 only supports OpenSSL 1.1.1+, currently the 'ssl' module is compiled with 'LibreSSL 2.8.3'. See: https://github.com/urllib3/urllib3/issues/3020
  warnings.warn(
Process SpawnProcess-2:
Traceback (most recent call last):
  File "/Library/Developer/CommandLineTools/Library/Frameworks/Python3.framework/Versions/3.9/lib/python3.9/multiprocessing/process.py", line 315, in _bootstrap
    self.run()
  File "/Library/Developer/CommandLineTools/Library/Frameworks/Python3.framework/Versions/3.9/lib/python3.9/multiprocessing/process.py", line 108, in run
    self._target(*self._args, **self._kwargs)
  File "/Users/maxwell/PycharmProjects/PythonProject/.venv/lib/python3.9/site-packages/uvicorn/_subprocess.py", line 80, in subprocess_started
    target(sockets=sockets)
  File "/Users/maxwell/PycharmProjects/PythonProject/.venv/lib/python3.9/site-packages/uvicorn/server.py", line 67, in run
    return asyncio_run(self.serve(sockets=sockets), loop_factory=self.config.get_loop_factory())
  File "/Users/maxwell/PycharmProjects/PythonProject/.venv/lib/python3.9/site-packages/uvicorn/_compat.py", line 53, in asyncio_run
    return loop.run_until_complete(main)
  File "uvloop/loop.pyx", line 1518, in uvloop.loop.Loop.run_until_complete
  File "/Users/maxwell/PycharmProjects/PythonProject/.venv/lib/python3.9/site-packages/uvicorn/server.py", line 71, in serve
    await self._serve(sockets)
  File "/Users/maxwell/PycharmProjects/PythonProject/.venv/lib/python3.9/site-packages/uvicorn/server.py", line 78, in _serve
    config.load()
  File "/Users/maxwell/PycharmProjects/PythonProject/.venv/lib/python3.9/site-packages/uvicorn/config.py", line 438, in load
    self.loaded_app = import_from_string(self.app)
  File "/Users/maxwell/PycharmProjects/PythonProject/.venv/lib/python3.9/site-packages/uvicorn/importer.py", line 22, in import_from_string
    raise exc from None
  File "/Users/maxwell/PycharmProjects/PythonProject/.venv/lib/python3.9/site-packages/uvicorn/importer.py", line 19, in import_from_string
    module = importlib.import_module(module_str)
  File "/Library/Developer/CommandLineTools/Library/Frameworks/Python3.framework/Versions/3.9/lib/python3.9/importlib/__init__.py", line 127, in import_module
    return _bootstrap._gcd_import(name[level:], package, level)
  File "<frozen importlib._bootstrap>", line 1030, in _gcd_import
  File "<frozen importlib._bootstrap>", line 1007, in _find_and_load
  File "<frozen importlib._bootstrap>", line 986, in _find_and_load_unlocked
  File "<frozen importlib._bootstrap>", line 680, in _load_unlocked
  File "<frozen importlib._bootstrap_external>", line 850, in exec_module
  File "<frozen importlib._bootstrap>", line 228, in _call_with_frames_removed
  File "/Users/maxwell/PycharmProjects/PythonProject/Context_Augmented_Memory/proxy_api/app.py", line 8, in <module>
    from proxy_api.router import router
  File "/Users/maxwell/PycharmProjects/PythonProject/Context_Augmented_Memory/proxy_api/router.py", line 6, in <module>
    from proxy_api.services.normalize_output import normalize_response, fallback_normalize
ModuleNotFoundError: No module named 'proxy_api.services.normalize_output'
An error occurred: module 'importlib.metadata' has no attribute 'packages_distributions'
üåê Connected to Chroma server at localhost:8001
üîç Using collection: cam_memory
üìä Current entries: 4
WARNING:  WatchFiles detected changes in 'modules/context_service.py'. Reloading...
/Users/maxwell/PycharmProjects/PythonProject/.venv/lib/python3.9/site-packages/google/api_core/_python_version_support.py:237: FutureWarning: You are using a non-supported Python version (3.9.6). Google will not post any further updates to google.api_core supporting this Python version. Please upgrade to the latest Python version, or at least Python 3.10, and then update google.api_core.
  warnings.warn(message, FutureWarning)
/Users/maxwell/PycharmProjects/PythonProject/.venv/lib/python3.9/site-packages/urllib3/__init__.py:35: NotOpenSSLWarning: urllib3 v2 only supports OpenSSL 1.1.1+, currently the 'ssl' module is compiled with 'LibreSSL 2.8.3'. See: https://github.com/urllib3/urllib3/issues/3020
  warnings.warn(
Process SpawnProcess-3:
Traceback (most recent call last):
  File "/Library/Developer/CommandLineTools/Library/Frameworks/Python3.framework/Versions/3.9/lib/python3.9/multiprocessing/process.py", line 315, in _bootstrap
    self.run()
  File "/Library/Developer/CommandLineTools/Library/Frameworks/Python3.framework/Versions/3.9/lib/python3.9/multiprocessing/process.py", line 108, in run
    self._target(*self._args, **self._kwargs)
  File "/Users/maxwell/PycharmProjects/PythonProject/.venv/lib/python3.9/site-packages/uvicorn/_subprocess.py", line 80, in subprocess_started
    target(sockets=sockets)
  File "/Users/maxwell/PycharmProjects/PythonProject/.venv/lib/python3.9/site-packages/uvicorn/server.py", line 67, in run
    return asyncio_run(self.serve(sockets=sockets), loop_factory=self.config.get_loop_factory())
  File "/Users/maxwell/PycharmProjects/PythonProject/.venv/lib/python3.9/site-packages/uvicorn/_compat.py", line 53, in asyncio_run
    return loop.run_until_complete(main)
  File "uvloop/loop.pyx", line 1518, in uvloop.loop.Loop.run_until_complete
  File "/Users/maxwell/PycharmProjects/PythonProject/.venv/lib/python3.9/site-packages/uvicorn/server.py", line 71, in serve
    await self._serve(sockets)
  File "/Users/maxwell/PycharmProjects/PythonProject/.venv/lib/python3.9/site-packages/uvicorn/server.py", line 78, in _serve
    config.load()
  File "/Users/maxwell/PycharmProjects/PythonProject/.venv/lib/python3.9/site-packages/uvicorn/config.py", line 438, in load
    self.loaded_app = import_from_string(self.app)
  File "/Users/maxwell/PycharmProjects/PythonProject/.venv/lib/python3.9/site-packages/uvicorn/importer.py", line 22, in import_from_string
    raise exc from None
  File "/Users/maxwell/PycharmProjects/PythonProject/.venv/lib/python3.9/site-packages/uvicorn/importer.py", line 19, in import_from_string
    module = importlib.import_module(module_str)
  File "/Library/Developer/CommandLineTools/Library/Frameworks/Python3.framework/Versions/3.9/lib/python3.9/importlib/__init__.py", line 127, in import_module
    return _bootstrap._gcd_import(name[level:], package, level)
  File "<frozen importlib._bootstrap>", line 1030, in _gcd_import
  File "<frozen importlib._bootstrap>", line 1007, in _find_and_load
  File "<frozen importlib._bootstrap>", line 986, in _find_and_load_unlocked
  File "<frozen importlib._bootstrap>", line 680, in _load_unlocked
  File "<frozen importlib._bootstrap_external>", line 850, in exec_module
  File "<frozen importlib._bootstrap>", line 228, in _call_with_frames_removed
  File "/Users/maxwell/PycharmProjects/PythonProject/Context_Augmented_Memory/proxy_api/app.py", line 8, in <module>
    from proxy_api.router import router
  File "/Users/maxwell/PycharmProjects/PythonProject/Context_Augmented_Memory/proxy_api/router.py", line 6, in <module>
    from proxy_api.services.normalize_output import normalize_response, fallback_normalize
ModuleNotFoundError: No module named 'proxy_api.services.normalize_output'
An error occurred: module 'importlib.metadata' has no attribute 'packages_distributions'
üåê Connected to Chroma server at localhost:8001
üîç Using collection: cam_memory
üìä Current entries: 4
WARNING:  WatchFiles detected changes in 'api.py'. Reloading...
/Users/maxwell/PycharmProjects/PythonProject/.venv/lib/python3.9/site-packages/google/api_core/_python_version_support.py:237: FutureWarning: You are using a non-supported Python version (3.9.6). Google will not post any further updates to google.api_core supporting this Python version. Please upgrade to the latest Python version, or at least Python 3.10, and then update google.api_core.
  warnings.warn(message, FutureWarning)
/Users/maxwell/PycharmProjects/PythonProject/.venv/lib/python3.9/site-packages/urllib3/__init__.py:35: NotOpenSSLWarning: urllib3 v2 only supports OpenSSL 1.1.1+, currently the 'ssl' module is compiled with 'LibreSSL 2.8.3'. See: https://github.com/urllib3/urllib3/issues/3020
  warnings.warn(
Process SpawnProcess-4:
Traceback (most recent call last):
  File "/Library/Developer/CommandLineTools/Library/Frameworks/Python3.framework/Versions/3.9/lib/python3.9/multiprocessing/process.py", line 315, in _bootstrap
    self.run()
  File "/Library/Developer/CommandLineTools/Library/Frameworks/Python3.framework/Versions/3.9/lib/python3.9/multiprocessing/process.py", line 108, in run
    self._target(*self._args, **self._kwargs)
  File "/Users/maxwell/PycharmProjects/PythonProject/.venv/lib/python3.9/site-packages/uvicorn/_subprocess.py", line 80, in subprocess_started
    target(sockets=sockets)
  File "/Users/maxwell/PycharmProjects/PythonProject/.venv/lib/python3.9/site-packages/uvicorn/server.py", line 67, in run
    return asyncio_run(self.serve(sockets=sockets), loop_factory=self.config.get_loop_factory())
  File "/Users/maxwell/PycharmProjects/PythonProject/.venv/lib/python3.9/site-packages/uvicorn/_compat.py", line 53, in asyncio_run
    return loop.run_until_complete(main)
  File "uvloop/loop.pyx", line 1518, in uvloop.loop.Loop.run_until_complete
  File "/Users/maxwell/PycharmProjects/PythonProject/.venv/lib/python3.9/site-packages/uvicorn/server.py", line 71, in serve
    await self._serve(sockets)
  File "/Users/maxwell/PycharmProjects/PythonProject/.venv/lib/python3.9/site-packages/uvicorn/server.py", line 78, in _serve
    config.load()
  File "/Users/maxwell/PycharmProjects/PythonProject/.venv/lib/python3.9/site-packages/uvicorn/config.py", line 438, in load
    self.loaded_app = import_from_string(self.app)
  File "/Users/maxwell/PycharmProjects/PythonProject/.venv/lib/python3.9/site-packages/uvicorn/importer.py", line 22, in import_from_string
    raise exc from None
  File "/Users/maxwell/PycharmProjects/PythonProject/.venv/lib/python3.9/site-packages/uvicorn/importer.py", line 19, in import_from_string
    module = importlib.import_module(module_str)
  File "/Library/Developer/CommandLineTools/Library/Frameworks/Python3.framework/Versions/3.9/lib/python3.9/importlib/__init__.py", line 127, in import_module
    return _bootstrap._gcd_import(name[level:], package, level)
  File "<frozen importlib._bootstrap>", line 1030, in _gcd_import
  File "<frozen importlib._bootstrap>", line 1007, in _find_and_load
  File "<frozen importlib._bootstrap>", line 986, in _find_and_load_unlocked
  File "<frozen importlib._bootstrap>", line 680, in _load_unlocked
  File "<frozen importlib._bootstrap_external>", line 850, in exec_module
  File "<frozen importlib._bootstrap>", line 228, in _call_with_frames_removed
  File "/Users/maxwell/PycharmProjects/PythonProject/Context_Augmented_Memory/proxy_api/app.py", line 8, in <module>
    from proxy_api.router import router
  File "/Users/maxwell/PycharmProjects/PythonProject/Context_Augmented_Memory/proxy_api/router.py", line 6, in <module>
    from proxy_api.services.normalize_output import normalize_response, fallback_normalize
ModuleNotFoundError: No module named 'proxy_api.services.normalize_output'
An error occurred: module 'importlib.metadata' has no attribute 'packages_distributions'
üåê Connected to Chroma server at localhost:8001
üîç Using collection: cam_memory
üìä Current entries: 4
WARNING:  WatchFiles detected changes in 'modules/retrieval.py'. Reloading...
/Users/maxwell/PycharmProjects/PythonProject/.venv/lib/python3.9/site-packages/google/api_core/_python_version_support.py:237: FutureWarning: You are using a non-supported Python version (3.9.6). Google will not post any further updates to google.api_core supporting this Python version. Please upgrade to the latest Python version, or at least Python 3.10, and then update google.api_core.
  warnings.warn(message, FutureWarning)
/Users/maxwell/PycharmProjects/PythonProject/.venv/lib/python3.9/site-packages/urllib3/__init__.py:35: NotOpenSSLWarning: urllib3 v2 only supports OpenSSL 1.1.1+, currently the 'ssl' module is compiled with 'LibreSSL 2.8.3'. See: https://github.com/urllib3/urllib3/issues/3020
  warnings.warn(
Process SpawnProcess-5:
Traceback (most recent call last):
  File "/Library/Developer/CommandLineTools/Library/Frameworks/Python3.framework/Versions/3.9/lib/python3.9/multiprocessing/process.py", line 315, in _bootstrap
    self.run()
  File "/Library/Developer/CommandLineTools/Library/Frameworks/Python3.framework/Versions/3.9/lib/python3.9/multiprocessing/process.py", line 108, in run
    self._target(*self._args, **self._kwargs)
  File "/Users/maxwell/PycharmProjects/PythonProject/.venv/lib/python3.9/site-packages/uvicorn/_subprocess.py", line 80, in subprocess_started
    target(sockets=sockets)
  File "/Users/maxwell/PycharmProjects/PythonProject/.venv/lib/python3.9/site-packages/uvicorn/server.py", line 67, in run
    return asyncio_run(self.serve(sockets=sockets), loop_factory=self.config.get_loop_factory())
  File "/Users/maxwell/PycharmProjects/PythonProject/.venv/lib/python3.9/site-packages/uvicorn/_compat.py", line 53, in asyncio_run
    return loop.run_until_complete(main)
  File "uvloop/loop.pyx", line 1518, in uvloop.loop.Loop.run_until_complete
  File "/Users/maxwell/PycharmProjects/PythonProject/.venv/lib/python3.9/site-packages/uvicorn/server.py", line 71, in serve
    await self._serve(sockets)
  File "/Users/maxwell/PycharmProjects/PythonProject/.venv/lib/python3.9/site-packages/uvicorn/server.py", line 78, in _serve
    config.load()
  File "/Users/maxwell/PycharmProjects/PythonProject/.venv/lib/python3.9/site-packages/uvicorn/config.py", line 438, in load
    self.loaded_app = import_from_string(self.app)
  File "/Users/maxwell/PycharmProjects/PythonProject/.venv/lib/python3.9/site-packages/uvicorn/importer.py", line 19, in import_from_string
    module = importlib.import_module(module_str)
  File "/Library/Developer/CommandLineTools/Library/Frameworks/Python3.framework/Versions/3.9/lib/python3.9/importlib/__init__.py", line 127, in import_module
    return _bootstrap._gcd_import(name[level:], package, level)
  File "<frozen importlib._bootstrap>", line 1030, in _gcd_import
  File "<frozen importlib._bootstrap>", line 1007, in _find_and_load
  File "<frozen importlib._bootstrap>", line 986, in _find_and_load_unlocked
  File "<frozen importlib._bootstrap>", line 680, in _load_unlocked
  File "<frozen importlib._bootstrap_external>", line 850, in exec_module
  File "<frozen importlib._bootstrap>", line 228, in _call_with_frames_removed
  File "/Users/maxwell/PycharmProjects/PythonProject/Context_Augmented_Memory/proxy_api/app.py", line 8, in <module>
    from proxy_api.router import router
  File "/Users/maxwell/PycharmProjects/PythonProject/Context_Augmented_Memory/proxy_api/router.py", line 5, in <module>
    from proxy_api.services.context_injector import inject_context_if_relevant, store_to_memory
  File "/Users/maxwell/PycharmProjects/PythonProject/Context_Augmented_Memory/proxy_api/services/context_injector.py", line 15, in <module>
    from modules import memory, retrieval, auto_tagger, usefulness_filter
  File "/Users/maxwell/PycharmProjects/PythonProject/Context_Augmented_Memory/modules/retrieval.py", line 10, in <module>
    from modules import context_decider
ImportError: cannot import name 'context_decider' from 'modules' (/Users/maxwell/PycharmProjects/PythonProject/Context_Augmented_Memory/modules/__init__.py)
An error occurred: module 'importlib.metadata' has no attribute 'packages_distributions'
üåê Connected to Chroma server at localhost:8001
üîç Using collection: cam_memory
üìä Current entries: 5
WARNING:  WatchFiles detected changes in 'modules/retrieval.py'. Reloading...
/Users/maxwell/PycharmProjects/PythonProject/.venv/lib/python3.9/site-packages/google/api_core/_python_version_support.py:237: FutureWarning: You are using a non-supported Python version (3.9.6). Google will not post any further updates to google.api_core supporting this Python version. Please upgrade to the latest Python version, or at least Python 3.10, and then update google.api_core.
  warnings.warn(message, FutureWarning)
/Users/maxwell/PycharmProjects/PythonProject/.venv/lib/python3.9/site-packages/urllib3/__init__.py:35: NotOpenSSLWarning: urllib3 v2 only supports OpenSSL 1.1.1+, currently the 'ssl' module is compiled with 'LibreSSL 2.8.3'. See: https://github.com/urllib3/urllib3/issues/3020
  warnings.warn(
Process SpawnProcess-6:
Traceback (most recent call last):
  File "/Library/Developer/CommandLineTools/Library/Frameworks/Python3.framework/Versions/3.9/lib/python3.9/multiprocessing/process.py", line 315, in _bootstrap
    self.run()
  File "/Library/Developer/CommandLineTools/Library/Frameworks/Python3.framework/Versions/3.9/lib/python3.9/multiprocessing/process.py", line 108, in run
    self._target(*self._args, **self._kwargs)
  File "/Users/maxwell/PycharmProjects/PythonProject/.venv/lib/python3.9/site-packages/uvicorn/_subprocess.py", line 80, in subprocess_started
    target(sockets=sockets)
  File "/Users/maxwell/PycharmProjects/PythonProject/.venv/lib/python3.9/site-packages/uvicorn/server.py", line 67, in run
    return asyncio_run(self.serve(sockets=sockets), loop_factory=self.config.get_loop_factory())
  File "/Users/maxwell/PycharmProjects/PythonProject/.venv/lib/python3.9/site-packages/uvicorn/_compat.py", line 53, in asyncio_run
    return loop.run_until_complete(main)
  File "uvloop/loop.pyx", line 1518, in uvloop.loop.Loop.run_until_complete
  File "/Users/maxwell/PycharmProjects/PythonProject/.venv/lib/python3.9/site-packages/uvicorn/server.py", line 71, in serve
    await self._serve(sockets)
  File "/Users/maxwell/PycharmProjects/PythonProject/.venv/lib/python3.9/site-packages/uvicorn/server.py", line 78, in _serve
    config.load()
  File "/Users/maxwell/PycharmProjects/PythonProject/.venv/lib/python3.9/site-packages/uvicorn/config.py", line 438, in load
    self.loaded_app = import_from_string(self.app)
  File "/Users/maxwell/PycharmProjects/PythonProject/.venv/lib/python3.9/site-packages/uvicorn/importer.py", line 19, in import_from_string
    module = importlib.import_module(module_str)
  File "/Library/Developer/CommandLineTools/Library/Frameworks/Python3.framework/Versions/3.9/lib/python3.9/importlib/__init__.py", line 127, in import_module
    return _bootstrap._gcd_import(name[level:], package, level)
  File "<frozen importlib._bootstrap>", line 1030, in _gcd_import
  File "<frozen importlib._bootstrap>", line 1007, in _find_and_load
  File "<frozen importlib._bootstrap>", line 986, in _find_and_load_unlocked
  File "<frozen importlib._bootstrap>", line 680, in _load_unlocked
  File "<frozen importlib._bootstrap_external>", line 850, in exec_module
  File "<frozen importlib._bootstrap>", line 228, in _call_with_frames_removed
  File "/Users/maxwell/PycharmProjects/PythonProject/Context_Augmented_Memory/proxy_api/app.py", line 8, in <module>
    from proxy_api.router import router
  File "/Users/maxwell/PycharmProjects/PythonProject/Context_Augmented_Memory/proxy_api/router.py", line 5, in <module>
    from proxy_api.services.context_injector import inject_context_if_relevant, store_to_memory
  File "/Users/maxwell/PycharmProjects/PythonProject/Context_Augmented_Memory/proxy_api/services/context_injector.py", line 15, in <module>
    from modules import memory, retrieval, auto_tagger, usefulness_filter
  File "/Users/maxwell/PycharmProjects/PythonProject/Context_Augmented_Memory/modules/retrieval.py", line 10, in <module>
    from modules import memory, embedding, config_manager, context_decider
ImportError: cannot import name 'context_decider' from 'modules' (/Users/maxwell/PycharmProjects/PythonProject/Context_Augmented_Memory/modules/__init__.py)
An error occurred: module 'importlib.metadata' has no attribute 'packages_distributions'
üåê Connected to Chroma server at localhost:8001
üîç Using collection: cam_memory
üìä Current entries: 8
WARNING:  WatchFiles detected changes in 'modules/retrieval.py'. Reloading...
/Users/maxwell/PycharmProjects/PythonProject/.venv/lib/python3.9/site-packages/google/api_core/_python_version_support.py:237: FutureWarning: You are using a non-supported Python version (3.9.6). Google will not post any further updates to google.api_core supporting this Python version. Please upgrade to the latest Python version, or at least Python 3.10, and then update google.api_core.
  warnings.warn(message, FutureWarning)
/Users/maxwell/PycharmProjects/PythonProject/.venv/lib/python3.9/site-packages/urllib3/__init__.py:35: NotOpenSSLWarning: urllib3 v2 only supports OpenSSL 1.1.1+, currently the 'ssl' module is compiled with 'LibreSSL 2.8.3'. See: https://github.com/urllib3/urllib3/issues/3020
  warnings.warn(
Process SpawnProcess-7:
Traceback (most recent call last):
  File "/Library/Developer/CommandLineTools/Library/Frameworks/Python3.framework/Versions/3.9/lib/python3.9/multiprocessing/process.py", line 315, in _bootstrap
    self.run()
  File "/Library/Developer/CommandLineTools/Library/Frameworks/Python3.framework/Versions/3.9/lib/python3.9/multiprocessing/process.py", line 108, in run
    self._target(*self._args, **self._kwargs)
  File "/Users/maxwell/PycharmProjects/PythonProject/.venv/lib/python3.9/site-packages/uvicorn/_subprocess.py", line 80, in subprocess_started
    target(sockets=sockets)
  File "/Users/maxwell/PycharmProjects/PythonProject/.venv/lib/python3.9/site-packages/uvicorn/server.py", line 67, in run
    return asyncio_run(self.serve(sockets=sockets), loop_factory=self.config.get_loop_factory())
  File "/Users/maxwell/PycharmProjects/PythonProject/.venv/lib/python3.9/site-packages/uvicorn/_compat.py", line 53, in asyncio_run
    return loop.run_until_complete(main)
  File "uvloop/loop.pyx", line 1518, in uvloop.loop.Loop.run_until_complete
  File "/Users/maxwell/PycharmProjects/PythonProject/.venv/lib/python3.9/site-packages/uvicorn/server.py", line 71, in serve
    await self._serve(sockets)
  File "/Users/maxwell/PycharmProjects/PythonProject/.venv/lib/python3.9/site-packages/uvicorn/server.py", line 78, in _serve
    config.load()
  File "/Users/maxwell/PycharmProjects/PythonProject/.venv/lib/python3.9/site-packages/uvicorn/config.py", line 438, in load
    self.loaded_app = import_from_string(self.app)
  File "/Users/maxwell/PycharmProjects/PythonProject/.venv/lib/python3.9/site-packages/uvicorn/importer.py", line 22, in import_from_string
    raise exc from None
  File "/Users/maxwell/PycharmProjects/PythonProject/.venv/lib/python3.9/site-packages/uvicorn/importer.py", line 19, in import_from_string
    module = importlib.import_module(module_str)
  File "/Library/Developer/CommandLineTools/Library/Frameworks/Python3.framework/Versions/3.9/lib/python3.9/importlib/__init__.py", line 127, in import_module
    return _bootstrap._gcd_import(name[level:], package, level)
  File "<frozen importlib._bootstrap>", line 1030, in _gcd_import
  File "<frozen importlib._bootstrap>", line 1007, in _find_and_load
  File "<frozen importlib._bootstrap>", line 986, in _find_and_load_unlocked
  File "<frozen importlib._bootstrap>", line 680, in _load_unlocked
  File "<frozen importlib._bootstrap_external>", line 850, in exec_module
  File "<frozen importlib._bootstrap>", line 228, in _call_with_frames_removed
  File "/Users/maxwell/PycharmProjects/PythonProject/Context_Augmented_Memory/proxy_api/app.py", line 8, in <module>
    from proxy_api.router import router
  File "/Users/maxwell/PycharmProjects/PythonProject/Context_Augmented_Memory/proxy_api/router.py", line 6, in <module>
    from proxy_api.services.normalize_output import normalize_response, fallback_normalize
ModuleNotFoundError: No module named 'proxy_api.services.normalize_output'
An error occurred: module 'importlib.metadata' has no attribute 'packages_distributions'
üåê Connected to Chroma server at localhost:8001
üîç Using collection: cam_memory
üìä Current entries: 8
WARNING:  WatchFiles detected changes in 'modules/retrieval.py'. Reloading...
/Users/maxwell/PycharmProjects/PythonProject/.venv/lib/python3.9/site-packages/google/api_core/_python_version_support.py:237: FutureWarning: You are using a non-supported Python version (3.9.6). Google will not post any further updates to google.api_core supporting this Python version. Please upgrade to the latest Python version, or at least Python 3.10, and then update google.api_core.
  warnings.warn(message, FutureWarning)
/Users/maxwell/PycharmProjects/PythonProject/.venv/lib/python3.9/site-packages/urllib3/__init__.py:35: NotOpenSSLWarning: urllib3 v2 only supports OpenSSL 1.1.1+, currently the 'ssl' module is compiled with 'LibreSSL 2.8.3'. See: https://github.com/urllib3/urllib3/issues/3020
  warnings.warn(
Process SpawnProcess-8:
Traceback (most recent call last):
  File "/Library/Developer/CommandLineTools/Library/Frameworks/Python3.framework/Versions/3.9/lib/python3.9/multiprocessing/process.py", line 315, in _bootstrap
    self.run()
  File "/Library/Developer/CommandLineTools/Library/Frameworks/Python3.framework/Versions/3.9/lib/python3.9/multiprocessing/process.py", line 108, in run
    self._target(*self._args, **self._kwargs)
  File "/Users/maxwell/PycharmProjects/PythonProject/.venv/lib/python3.9/site-packages/uvicorn/_subprocess.py", line 80, in subprocess_started
    target(sockets=sockets)
  File "/Users/maxwell/PycharmProjects/PythonProject/.venv/lib/python3.9/site-packages/uvicorn/server.py", line 67, in run
    return asyncio_run(self.serve(sockets=sockets), loop_factory=self.config.get_loop_factory())
  File "/Users/maxwell/PycharmProjects/PythonProject/.venv/lib/python3.9/site-packages/uvicorn/_compat.py", line 53, in asyncio_run
    return loop.run_until_complete(main)
  File "uvloop/loop.pyx", line 1518, in uvloop.loop.Loop.run_until_complete
  File "/Users/maxwell/PycharmProjects/PythonProject/.venv/lib/python3.9/site-packages/uvicorn/server.py", line 71, in serve
    await self._serve(sockets)
  File "/Users/maxwell/PycharmProjects/PythonProject/.venv/lib/python3.9/site-packages/uvicorn/server.py", line 78, in _serve
    config.load()
  File "/Users/maxwell/PycharmProjects/PythonProject/.venv/lib/python3.9/site-packages/uvicorn/config.py", line 438, in load
    self.loaded_app = import_from_string(self.app)
  File "/Users/maxwell/PycharmProjects/PythonProject/.venv/lib/python3.9/site-packages/uvicorn/importer.py", line 22, in import_from_string
    raise exc from None
  File "/Users/maxwell/PycharmProjects/PythonProject/.venv/lib/python3.9/site-packages/uvicorn/importer.py", line 19, in import_from_string
    module = importlib.import_module(module_str)
  File "/Library/Developer/CommandLineTools/Library/Frameworks/Python3.framework/Versions/3.9/lib/python3.9/importlib/__init__.py", line 127, in import_module
    return _bootstrap._gcd_import(name[level:], package, level)
  File "<frozen importlib._bootstrap>", line 1030, in _gcd_import
  File "<frozen importlib._bootstrap>", line 1007, in _find_and_load
  File "<frozen importlib._bootstrap>", line 986, in _find_and_load_unlocked
  File "<frozen importlib._bootstrap>", line 680, in _load_unlocked
  File "<frozen importlib._bootstrap_external>", line 850, in exec_module
  File "<frozen importlib._bootstrap>", line 228, in _call_with_frames_removed
  File "/Users/maxwell/PycharmProjects/PythonProject/Context_Augmented_Memory/proxy_api/app.py", line 8, in <module>
    from proxy_api.router import router
  File "/Users/maxwell/PycharmProjects/PythonProject/Context_Augmented_Memory/proxy_api/router.py", line 6, in <module>
    from proxy_api.services.normalize_output import normalize_response, fallback_normalize
ModuleNotFoundError: No module named 'proxy_api.services.normalize_output'
An error occurred: module 'importlib.metadata' has no attribute 'packages_distributions'
üåê Connected to Chroma server at localhost:8001
üîç Using collection: cam_memory
üìä Current entries: 8
üî• LOADED retrieval.py FROM: /Users/maxwell/PycharmProjects/PythonProject/Context_Augmented_Memory/modules/retrieval.py
WARNING:  WatchFiles detected changes in 'main.py'. Reloading...
/Users/maxwell/PycharmProjects/PythonProject/.venv/lib/python3.9/site-packages/google/api_core/_python_version_support.py:237: FutureWarning: You are using a non-supported Python version (3.9.6). Google will not post any further updates to google.api_core supporting this Python version. Please upgrade to the latest Python version, or at least Python 3.10, and then update google.api_core.
  warnings.warn(message, FutureWarning)
/Users/maxwell/PycharmProjects/PythonProject/.venv/lib/python3.9/site-packages/urllib3/__init__.py:35: NotOpenSSLWarning: urllib3 v2 only supports OpenSSL 1.1.1+, currently the 'ssl' module is compiled with 'LibreSSL 2.8.3'. See: https://github.com/urllib3/urllib3/issues/3020
  warnings.warn(
Process SpawnProcess-9:
Traceback (most recent call last):
  File "/Library/Developer/CommandLineTools/Library/Frameworks/Python3.framework/Versions/3.9/lib/python3.9/multiprocessing/process.py", line 315, in _bootstrap
    self.run()
  File "/Library/Developer/CommandLineTools/Library/Frameworks/Python3.framework/Versions/3.9/lib/python3.9/multiprocessing/process.py", line 108, in run
    self._target(*self._args, **self._kwargs)
  File "/Users/maxwell/PycharmProjects/PythonProject/.venv/lib/python3.9/site-packages/uvicorn/_subprocess.py", line 80, in subprocess_started
    target(sockets=sockets)
  File "/Users/maxwell/PycharmProjects/PythonProject/.venv/lib/python3.9/site-packages/uvicorn/server.py", line 67, in run
    return asyncio_run(self.serve(sockets=sockets), loop_factory=self.config.get_loop_factory())
  File "/Users/maxwell/PycharmProjects/PythonProject/.venv/lib/python3.9/site-packages/uvicorn/_compat.py", line 53, in asyncio_run
    return loop.run_until_complete(main)
  File "uvloop/loop.pyx", line 1518, in uvloop.loop.Loop.run_until_complete
  File "/Users/maxwell/PycharmProjects/PythonProject/.venv/lib/python3.9/site-packages/uvicorn/server.py", line 71, in serve
    await self._serve(sockets)
  File "/Users/maxwell/PycharmProjects/PythonProject/.venv/lib/python3.9/site-packages/uvicorn/server.py", line 78, in _serve
    config.load()
  File "/Users/maxwell/PycharmProjects/PythonProject/.venv/lib/python3.9/site-packages/uvicorn/config.py", line 438, in load
    self.loaded_app = import_from_string(self.app)
  File "/Users/maxwell/PycharmProjects/PythonProject/.venv/lib/python3.9/site-packages/uvicorn/importer.py", line 22, in import_from_string
    raise exc from None
  File "/Users/maxwell/PycharmProjects/PythonProject/.venv/lib/python3.9/site-packages/uvicorn/importer.py", line 19, in import_from_string
    module = importlib.import_module(module_str)
  File "/Library/Developer/CommandLineTools/Library/Frameworks/Python3.framework/Versions/3.9/lib/python3.9/importlib/__init__.py", line 127, in import_module
    return _bootstrap._gcd_import(name[level:], package, level)
  File "<frozen importlib._bootstrap>", line 1030, in _gcd_import
  File "<frozen importlib._bootstrap>", line 1007, in _find_and_load
  File "<frozen importlib._bootstrap>", line 986, in _find_and_load_unlocked
  File "<frozen importlib._bootstrap>", line 680, in _load_unlocked
  File "<frozen importlib._bootstrap_external>", line 850, in exec_module
  File "<frozen importlib._bootstrap>", line 228, in _call_with_frames_removed
  File "/Users/maxwell/PycharmProjects/PythonProject/Context_Augmented_Memory/proxy_api/app.py", line 8, in <module>
    from proxy_api.router import router
  File "/Users/maxwell/PycharmProjects/PythonProject/Context_Augmented_Memory/proxy_api/router.py", line 6, in <module>
    from proxy_api.services.normalize_output import normalize_response, fallback_normalize
ModuleNotFoundError: No module named 'proxy_api.services.normalize_output'
An error occurred: module 'importlib.metadata' has no attribute 'packages_distributions'
üåê Connected to Chroma server at localhost:8001
üîç Using collection: cam_memory
üìä Current entries: 8
üî• LOADED retrieval.py FROM: /Users/maxwell/PycharmProjects/PythonProject/Context_Augmented_Memory/modules/retrieval.py
WARNING:  WatchFiles detected changes in 'main.py'. Reloading...
/Users/maxwell/PycharmProjects/PythonProject/.venv/lib/python3.9/site-packages/google/api_core/_python_version_support.py:237: FutureWarning: You are using a non-supported Python version (3.9.6). Google will not post any further updates to google.api_core supporting this Python version. Please upgrade to the latest Python version, or at least Python 3.10, and then update google.api_core.
  warnings.warn(message, FutureWarning)
/Users/maxwell/PycharmProjects/PythonProject/.venv/lib/python3.9/site-packages/urllib3/__init__.py:35: NotOpenSSLWarning: urllib3 v2 only supports OpenSSL 1.1.1+, currently the 'ssl' module is compiled with 'LibreSSL 2.8.3'. See: https://github.com/urllib3/urllib3/issues/3020
  warnings.warn(
Process SpawnProcess-10:
Traceback (most recent call last):
  File "/Library/Developer/CommandLineTools/Library/Frameworks/Python3.framework/Versions/3.9/lib/python3.9/multiprocessing/process.py", line 315, in _bootstrap
    self.run()
  File "/Library/Developer/CommandLineTools/Library/Frameworks/Python3.framework/Versions/3.9/lib/python3.9/multiprocessing/process.py", line 108, in run
    self._target(*self._args, **self._kwargs)
  File "/Users/maxwell/PycharmProjects/PythonProject/.venv/lib/python3.9/site-packages/uvicorn/_subprocess.py", line 80, in subprocess_started
    target(sockets=sockets)
  File "/Users/maxwell/PycharmProjects/PythonProject/.venv/lib/python3.9/site-packages/uvicorn/server.py", line 67, in run
    return asyncio_run(self.serve(sockets=sockets), loop_factory=self.config.get_loop_factory())
  File "/Users/maxwell/PycharmProjects/PythonProject/.venv/lib/python3.9/site-packages/uvicorn/_compat.py", line 53, in asyncio_run
    return loop.run_until_complete(main)
  File "uvloop/loop.pyx", line 1518, in uvloop.loop.Loop.run_until_complete
  File "/Users/maxwell/PycharmProjects/PythonProject/.venv/lib/python3.9/site-packages/uvicorn/server.py", line 71, in serve
    await self._serve(sockets)
  File "/Users/maxwell/PycharmProjects/PythonProject/.venv/lib/python3.9/site-packages/uvicorn/server.py", line 78, in _serve
    config.load()
  File "/Users/maxwell/PycharmProjects/PythonProject/.venv/lib/python3.9/site-packages/uvicorn/config.py", line 438, in load
    self.loaded_app = import_from_string(self.app)
  File "/Users/maxwell/PycharmProjects/PythonProject/.venv/lib/python3.9/site-packages/uvicorn/importer.py", line 22, in import_from_string
    raise exc from None
  File "/Users/maxwell/PycharmProjects/PythonProject/.venv/lib/python3.9/site-packages/uvicorn/importer.py", line 19, in import_from_string
    module = importlib.import_module(module_str)
  File "/Library/Developer/CommandLineTools/Library/Frameworks/Python3.framework/Versions/3.9/lib/python3.9/importlib/__init__.py", line 127, in import_module
    return _bootstrap._gcd_import(name[level:], package, level)
  File "<frozen importlib._bootstrap>", line 1030, in _gcd_import
  File "<frozen importlib._bootstrap>", line 1007, in _find_and_load
  File "<frozen importlib._bootstrap>", line 986, in _find_and_load_unlocked
  File "<frozen importlib._bootstrap>", line 680, in _load_unlocked
  File "<frozen importlib._bootstrap_external>", line 850, in exec_module
  File "<frozen importlib._bootstrap>", line 228, in _call_with_frames_removed
  File "/Users/maxwell/PycharmProjects/PythonProject/Context_Augmented_Memory/proxy_api/app.py", line 8, in <module>
    from proxy_api.router import router
  File "/Users/maxwell/PycharmProjects/PythonProject/Context_Augmented_Memory/proxy_api/router.py", line 6, in <module>
    from proxy_api.services.normalize_output import normalize_response, fallback_normalize
ModuleNotFoundError: No module named 'proxy_api.services.normalize_output'
An error occurred: module 'importlib.metadata' has no attribute 'packages_distributions'
üåê Connected to Chroma server at localhost:8001
üîç Using collection: cam_memory
üìä Current entries: 10
üî• LOADED retrieval.py FROM: /Users/maxwell/PycharmProjects/PythonProject/Context_Augmented_Memory/modules/retrieval.py
WARNING:  WatchFiles detected changes in 'main.py'. Reloading...
/Users/maxwell/PycharmProjects/PythonProject/.venv/lib/python3.9/site-packages/google/api_core/_python_version_support.py:237: FutureWarning: You are using a non-supported Python version (3.9.6). Google will not post any further updates to google.api_core supporting this Python version. Please upgrade to the latest Python version, or at least Python 3.10, and then update google.api_core.
  warnings.warn(message, FutureWarning)
/Users/maxwell/PycharmProjects/PythonProject/.venv/lib/python3.9/site-packages/urllib3/__init__.py:35: NotOpenSSLWarning: urllib3 v2 only supports OpenSSL 1.1.1+, currently the 'ssl' module is compiled with 'LibreSSL 2.8.3'. See: https://github.com/urllib3/urllib3/issues/3020
  warnings.warn(
Process SpawnProcess-11:
Traceback (most recent call last):
  File "/Library/Developer/CommandLineTools/Library/Frameworks/Python3.framework/Versions/3.9/lib/python3.9/multiprocessing/process.py", line 315, in _bootstrap
    self.run()
  File "/Library/Developer/CommandLineTools/Library/Frameworks/Python3.framework/Versions/3.9/lib/python3.9/multiprocessing/process.py", line 108, in run
    self._target(*self._args, **self._kwargs)
  File "/Users/maxwell/PycharmProjects/PythonProject/.venv/lib/python3.9/site-packages/uvicorn/_subprocess.py", line 80, in subprocess_started
    target(sockets=sockets)
  File "/Users/maxwell/PycharmProjects/PythonProject/.venv/lib/python3.9/site-packages/uvicorn/server.py", line 67, in run
    return asyncio_run(self.serve(sockets=sockets), loop_factory=self.config.get_loop_factory())
  File "/Users/maxwell/PycharmProjects/PythonProject/.venv/lib/python3.9/site-packages/uvicorn/_compat.py", line 53, in asyncio_run
    return loop.run_until_complete(main)
  File "uvloop/loop.pyx", line 1518, in uvloop.loop.Loop.run_until_complete
  File "/Users/maxwell/PycharmProjects/PythonProject/.venv/lib/python3.9/site-packages/uvicorn/server.py", line 71, in serve
    await self._serve(sockets)
  File "/Users/maxwell/PycharmProjects/PythonProject/.venv/lib/python3.9/site-packages/uvicorn/server.py", line 78, in _serve
    config.load()
  File "/Users/maxwell/PycharmProjects/PythonProject/.venv/lib/python3.9/site-packages/uvicorn/config.py", line 438, in load
    self.loaded_app = import_from_string(self.app)
  File "/Users/maxwell/PycharmProjects/PythonProject/.venv/lib/python3.9/site-packages/uvicorn/importer.py", line 22, in import_from_string
    raise exc from None
  File "/Users/maxwell/PycharmProjects/PythonProject/.venv/lib/python3.9/site-packages/uvicorn/importer.py", line 19, in import_from_string
    module = importlib.import_module(module_str)
  File "/Library/Developer/CommandLineTools/Library/Frameworks/Python3.framework/Versions/3.9/lib/python3.9/importlib/__init__.py", line 127, in import_module
    return _bootstrap._gcd_import(name[level:], package, level)
  File "<frozen importlib._bootstrap>", line 1030, in _gcd_import
  File "<frozen importlib._bootstrap>", line 1007, in _find_and_load
  File "<frozen importlib._bootstrap>", line 986, in _find_and_load_unlocked
  File "<frozen importlib._bootstrap>", line 680, in _load_unlocked
  File "<frozen importlib._bootstrap_external>", line 850, in exec_module
  File "<frozen importlib._bootstrap>", line 228, in _call_with_frames_removed
  File "/Users/maxwell/PycharmProjects/PythonProject/Context_Augmented_Memory/proxy_api/app.py", line 8, in <module>
    from proxy_api.router import router
  File "/Users/maxwell/PycharmProjects/PythonProject/Context_Augmented_Memory/proxy_api/router.py", line 6, in <module>
    from proxy_api.services.normalize_output import normalize_response, fallback_normalize
ModuleNotFoundError: No module named 'proxy_api.services.normalize_output'
An error occurred: module 'importlib.metadata' has no attribute 'packages_distributions'
üåê Connected to Chroma server at localhost:8001
üîç Using collection: cam_memory
üìä Current entries: 11
üî• LOADED retrieval.py FROM: /Users/maxwell/PycharmProjects/PythonProject/Context_Augmented_Memory/modules/retrieval.py
WARNING:  WatchFiles detected changes in 'modules/retrieval.py'. Reloading...
/Users/maxwell/PycharmProjects/PythonProject/.venv/lib/python3.9/site-packages/google/api_core/_python_version_support.py:237: FutureWarning: You are using a non-supported Python version (3.9.6). Google will not post any further updates to google.api_core supporting this Python version. Please upgrade to the latest Python version, or at least Python 3.10, and then update google.api_core.
  warnings.warn(message, FutureWarning)
/Users/maxwell/PycharmProjects/PythonProject/.venv/lib/python3.9/site-packages/urllib3/__init__.py:35: NotOpenSSLWarning: urllib3 v2 only supports OpenSSL 1.1.1+, currently the 'ssl' module is compiled with 'LibreSSL 2.8.3'. See: https://github.com/urllib3/urllib3/issues/3020
  warnings.warn(
Process SpawnProcess-12:
Traceback (most recent call last):
  File "/Library/Developer/CommandLineTools/Library/Frameworks/Python3.framework/Versions/3.9/lib/python3.9/multiprocessing/process.py", line 315, in _bootstrap
    self.run()
  File "/Library/Developer/CommandLineTools/Library/Frameworks/Python3.framework/Versions/3.9/lib/python3.9/multiprocessing/process.py", line 108, in run
    self._target(*self._args, **self._kwargs)
  File "/Users/maxwell/PycharmProjects/PythonProject/.venv/lib/python3.9/site-packages/uvicorn/_subprocess.py", line 80, in subprocess_started
    target(sockets=sockets)
  File "/Users/maxwell/PycharmProjects/PythonProject/.venv/lib/python3.9/site-packages/uvicorn/server.py", line 67, in run
    return asyncio_run(self.serve(sockets=sockets), loop_factory=self.config.get_loop_factory())
  File "/Users/maxwell/PycharmProjects/PythonProject/.venv/lib/python3.9/site-packages/uvicorn/_compat.py", line 53, in asyncio_run
    return loop.run_until_complete(main)
  File "uvloop/loop.pyx", line 1518, in uvloop.loop.Loop.run_until_complete
  File "/Users/maxwell/PycharmProjects/PythonProject/.venv/lib/python3.9/site-packages/uvicorn/server.py", line 71, in serve
    await self._serve(sockets)
  File "/Users/maxwell/PycharmProjects/PythonProject/.venv/lib/python3.9/site-packages/uvicorn/server.py", line 78, in _serve
    config.load()
  File "/Users/maxwell/PycharmProjects/PythonProject/.venv/lib/python3.9/site-packages/uvicorn/config.py", line 438, in load
    self.loaded_app = import_from_string(self.app)
  File "/Users/maxwell/PycharmProjects/PythonProject/.venv/lib/python3.9/site-packages/uvicorn/importer.py", line 22, in import_from_string
    raise exc from None
  File "/Users/maxwell/PycharmProjects/PythonProject/.venv/lib/python3.9/site-packages/uvicorn/importer.py", line 19, in import_from_string
    module = importlib.import_module(module_str)
  File "/Library/Developer/CommandLineTools/Library/Frameworks/Python3.framework/Versions/3.9/lib/python3.9/importlib/__init__.py", line 127, in import_module
    return _bootstrap._gcd_import(name[level:], package, level)
  File "<frozen importlib._bootstrap>", line 1030, in _gcd_import
  File "<frozen importlib._bootstrap>", line 1007, in _find_and_load
  File "<frozen importlib._bootstrap>", line 986, in _find_and_load_unlocked
  File "<frozen importlib._bootstrap>", line 680, in _load_unlocked
  File "<frozen importlib._bootstrap_external>", line 850, in exec_module
  File "<frozen importlib._bootstrap>", line 228, in _call_with_frames_removed
  File "/Users/maxwell/PycharmProjects/PythonProject/Context_Augmented_Memory/proxy_api/app.py", line 8, in <module>
    from proxy_api.router import router
  File "/Users/maxwell/PycharmProjects/PythonProject/Context_Augmented_Memory/proxy_api/router.py", line 6, in <module>
    from proxy_api.services.normalize_output import normalize_response, fallback_normalize
ModuleNotFoundError: No module named 'proxy_api.services.normalize_output'
An error occurred: module 'importlib.metadata' has no attribute 'packages_distributions'
üåê Connected to Chroma server at localhost:8001
üîç Using collection: cam_memory
üìä Current entries: 11
üî• LOADED retrieval.py FROM: /Users/maxwell/PycharmProjects/PythonProject/Context_Augmented_Memory/modules/retrieval.py
WARNING:  WatchFiles detected changes in 'modules/retrieval.py'. Reloading...
/Users/maxwell/PycharmProjects/PythonProject/.venv/lib/python3.9/site-packages/google/api_core/_python_version_support.py:237: FutureWarning: You are using a non-supported Python version (3.9.6). Google will not post any further updates to google.api_core supporting this Python version. Please upgrade to the latest Python version, or at least Python 3.10, and then update google.api_core.
  warnings.warn(message, FutureWarning)
/Users/maxwell/PycharmProjects/PythonProject/.venv/lib/python3.9/site-packages/urllib3/__init__.py:35: NotOpenSSLWarning: urllib3 v2 only supports OpenSSL 1.1.1+, currently the 'ssl' module is compiled with 'LibreSSL 2.8.3'. See: https://github.com/urllib3/urllib3/issues/3020
  warnings.warn(
Process SpawnProcess-13:
Traceback (most recent call last):
  File "/Library/Developer/CommandLineTools/Library/Frameworks/Python3.framework/Versions/3.9/lib/python3.9/multiprocessing/process.py", line 315, in _bootstrap
    self.run()
  File "/Library/Developer/CommandLineTools/Library/Frameworks/Python3.framework/Versions/3.9/lib/python3.9/multiprocessing/process.py", line 108, in run
    self._target(*self._args, **self._kwargs)
  File "/Users/maxwell/PycharmProjects/PythonProject/.venv/lib/python3.9/site-packages/uvicorn/_subprocess.py", line 80, in subprocess_started
    target(sockets=sockets)
  File "/Users/maxwell/PycharmProjects/PythonProject/.venv/lib/python3.9/site-packages/uvicorn/server.py", line 67, in run
    return asyncio_run(self.serve(sockets=sockets), loop_factory=self.config.get_loop_factory())
  File "/Users/maxwell/PycharmProjects/PythonProject/.venv/lib/python3.9/site-packages/uvicorn/_compat.py", line 53, in asyncio_run
    return loop.run_until_complete(main)
  File "uvloop/loop.pyx", line 1518, in uvloop.loop.Loop.run_until_complete
  File "/Users/maxwell/PycharmProjects/PythonProject/.venv/lib/python3.9/site-packages/uvicorn/server.py", line 71, in serve
    await self._serve(sockets)
  File "/Users/maxwell/PycharmProjects/PythonProject/.venv/lib/python3.9/site-packages/uvicorn/server.py", line 78, in _serve
    config.load()
  File "/Users/maxwell/PycharmProjects/PythonProject/.venv/lib/python3.9/site-packages/uvicorn/config.py", line 438, in load
    self.loaded_app = import_from_string(self.app)
  File "/Users/maxwell/PycharmProjects/PythonProject/.venv/lib/python3.9/site-packages/uvicorn/importer.py", line 19, in import_from_string
    module = importlib.import_module(module_str)
  File "/Library/Developer/CommandLineTools/Library/Frameworks/Python3.framework/Versions/3.9/lib/python3.9/importlib/__init__.py", line 127, in import_module
    return _bootstrap._gcd_import(name[level:], package, level)
  File "<frozen importlib._bootstrap>", line 1030, in _gcd_import
  File "<frozen importlib._bootstrap>", line 1007, in _find_and_load
  File "<frozen importlib._bootstrap>", line 986, in _find_and_load_unlocked
  File "<frozen importlib._bootstrap>", line 680, in _load_unlocked
  File "<frozen importlib._bootstrap_external>", line 850, in exec_module
  File "<frozen importlib._bootstrap>", line 228, in _call_with_frames_removed
  File "/Users/maxwell/PycharmProjects/PythonProject/Context_Augmented_Memory/proxy_api/app.py", line 8, in <module>
    from proxy_api.router import router
  File "/Users/maxwell/PycharmProjects/PythonProject/Context_Augmented_Memory/proxy_api/router.py", line 5, in <module>
    from proxy_api.services.context_injector import inject_context_if_relevant, store_to_memory
  File "/Users/maxwell/PycharmProjects/PythonProject/Context_Augmented_Memory/proxy_api/services/context_injector.py", line 15, in <module>
    from modules import memory, retrieval, auto_tagger, usefulness_filter
  File "/Users/maxwell/PycharmProjects/PythonProject/Context_Augmented_Memory/modules/retrieval.py", line 1, in <module>
    +"""
TypeError: bad operand type for unary +: 'str'
An error occurred: module 'importlib.metadata' has no attribute 'packages_distributions'
üåê Connected to Chroma server at localhost:8001
üîç Using collection: cam_memory
üìä Current entries: 11
WARNING:  WatchFiles detected changes in 'modules/retrieval.py'. Reloading...
/Users/maxwell/PycharmProjects/PythonProject/.venv/lib/python3.9/site-packages/google/api_core/_python_version_support.py:237: FutureWarning: You are using a non-supported Python version (3.9.6). Google will not post any further updates to google.api_core supporting this Python version. Please upgrade to the latest Python version, or at least Python 3.10, and then update google.api_core.
  warnings.warn(message, FutureWarning)
/Users/maxwell/PycharmProjects/PythonProject/.venv/lib/python3.9/site-packages/urllib3/__init__.py:35: NotOpenSSLWarning: urllib3 v2 only supports OpenSSL 1.1.1+, currently the 'ssl' module is compiled with 'LibreSSL 2.8.3'. See: https://github.com/urllib3/urllib3/issues/3020
  warnings.warn(
Process SpawnProcess-14:
Traceback (most recent call last):
  File "/Library/Developer/CommandLineTools/Library/Frameworks/Python3.framework/Versions/3.9/lib/python3.9/multiprocessing/process.py", line 315, in _bootstrap
    self.run()
  File "/Library/Developer/CommandLineTools/Library/Frameworks/Python3.framework/Versions/3.9/lib/python3.9/multiprocessing/process.py", line 108, in run
    self._target(*self._args, **self._kwargs)
  File "/Users/maxwell/PycharmProjects/PythonProject/.venv/lib/python3.9/site-packages/uvicorn/_subprocess.py", line 80, in subprocess_started
    target(sockets=sockets)
  File "/Users/maxwell/PycharmProjects/PythonProject/.venv/lib/python3.9/site-packages/uvicorn/server.py", line 67, in run
    return asyncio_run(self.serve(sockets=sockets), loop_factory=self.config.get_loop_factory())
  File "/Users/maxwell/PycharmProjects/PythonProject/.venv/lib/python3.9/site-packages/uvicorn/_compat.py", line 53, in asyncio_run
    return loop.run_until_complete(main)
  File "uvloop/loop.pyx", line 1518, in uvloop.loop.Loop.run_until_complete
  File "/Users/maxwell/PycharmProjects/PythonProject/.venv/lib/python3.9/site-packages/uvicorn/server.py", line 71, in serve
    await self._serve(sockets)
  File "/Users/maxwell/PycharmProjects/PythonProject/.venv/lib/python3.9/site-packages/uvicorn/server.py", line 78, in _serve
    config.load()
  File "/Users/maxwell/PycharmProjects/PythonProject/.venv/lib/python3.9/site-packages/uvicorn/config.py", line 438, in load
    self.loaded_app = import_from_string(self.app)
  File "/Users/maxwell/PycharmProjects/PythonProject/.venv/lib/python3.9/site-packages/uvicorn/importer.py", line 22, in import_from_string
    raise exc from None
  File "/Users/maxwell/PycharmProjects/PythonProject/.venv/lib/python3.9/site-packages/uvicorn/importer.py", line 19, in import_from_string
    module = importlib.import_module(module_str)
  File "/Library/Developer/CommandLineTools/Library/Frameworks/Python3.framework/Versions/3.9/lib/python3.9/importlib/__init__.py", line 127, in import_module
    return _bootstrap._gcd_import(name[level:], package, level)
  File "<frozen importlib._bootstrap>", line 1030, in _gcd_import
  File "<frozen importlib._bootstrap>", line 1007, in _find_and_load
  File "<frozen importlib._bootstrap>", line 986, in _find_and_load_unlocked
  File "<frozen importlib._bootstrap>", line 680, in _load_unlocked
  File "<frozen importlib._bootstrap_external>", line 850, in exec_module
  File "<frozen importlib._bootstrap>", line 228, in _call_with_frames_removed
  File "/Users/maxwell/PycharmProjects/PythonProject/Context_Augmented_Memory/proxy_api/app.py", line 8, in <module>
    from proxy_api.router import router
  File "/Users/maxwell/PycharmProjects/PythonProject/Context_Augmented_Memory/proxy_api/router.py", line 6, in <module>
    from proxy_api.services.normalize_output import normalize_response, fallback_normalize
ModuleNotFoundError: No module named 'proxy_api.services.normalize_output'
An error occurred: module 'importlib.metadata' has no attribute 'packages_distributions'
üåê Connected to Chroma server at localhost:8001
üîç Using collection: cam_memory
üìä Current entries: 11
üî• LOADED retrieval.py FROM: /Users/maxwell/PycharmProjects/PythonProject/Context_Augmented_Memory/modules/retrieval.py
WARNING:  WatchFiles detected changes in 'main.py'. Reloading...
/Users/maxwell/PycharmProjects/PythonProject/.venv/lib/python3.9/site-packages/google/api_core/_python_version_support.py:237: FutureWarning: You are using a non-supported Python version (3.9.6). Google will not post any further updates to google.api_core supporting this Python version. Please upgrade to the latest Python version, or at least Python 3.10, and then update google.api_core.
  warnings.warn(message, FutureWarning)
/Users/maxwell/PycharmProjects/PythonProject/.venv/lib/python3.9/site-packages/urllib3/__init__.py:35: NotOpenSSLWarning: urllib3 v2 only supports OpenSSL 1.1.1+, currently the 'ssl' module is compiled with 'LibreSSL 2.8.3'. See: https://github.com/urllib3/urllib3/issues/3020
  warnings.warn(
Process SpawnProcess-15:
Traceback (most recent call last):
  File "/Library/Developer/CommandLineTools/Library/Frameworks/Python3.framework/Versions/3.9/lib/python3.9/multiprocessing/process.py", line 315, in _bootstrap
    self.run()
  File "/Library/Developer/CommandLineTools/Library/Frameworks/Python3.framework/Versions/3.9/lib/python3.9/multiprocessing/process.py", line 108, in run
    self._target(*self._args, **self._kwargs)
  File "/Users/maxwell/PycharmProjects/PythonProject/.venv/lib/python3.9/site-packages/uvicorn/_subprocess.py", line 80, in subprocess_started
    target(sockets=sockets)
  File "/Users/maxwell/PycharmProjects/PythonProject/.venv/lib/python3.9/site-packages/uvicorn/server.py", line 67, in run
    return asyncio_run(self.serve(sockets=sockets), loop_factory=self.config.get_loop_factory())
  File "/Users/maxwell/PycharmProjects/PythonProject/.venv/lib/python3.9/site-packages/uvicorn/_compat.py", line 53, in asyncio_run
    return loop.run_until_complete(main)
  File "uvloop/loop.pyx", line 1518, in uvloop.loop.Loop.run_until_complete
  File "/Users/maxwell/PycharmProjects/PythonProject/.venv/lib/python3.9/site-packages/uvicorn/server.py", line 71, in serve
    await self._serve(sockets)
  File "/Users/maxwell/PycharmProjects/PythonProject/.venv/lib/python3.9/site-packages/uvicorn/server.py", line 78, in _serve
    config.load()
  File "/Users/maxwell/PycharmProjects/PythonProject/.venv/lib/python3.9/site-packages/uvicorn/config.py", line 438, in load
    self.loaded_app = import_from_string(self.app)
  File "/Users/maxwell/PycharmProjects/PythonProject/.venv/lib/python3.9/site-packages/uvicorn/importer.py", line 22, in import_from_string
    raise exc from None
  File "/Users/maxwell/PycharmProjects/PythonProject/.venv/lib/python3.9/site-packages/uvicorn/importer.py", line 19, in import_from_string
    module = importlib.import_module(module_str)
  File "/Library/Developer/CommandLineTools/Library/Frameworks/Python3.framework/Versions/3.9/lib/python3.9/importlib/__init__.py", line 127, in import_module
    return _bootstrap._gcd_import(name[level:], package, level)
  File "<frozen importlib._bootstrap>", line 1030, in _gcd_import
  File "<frozen importlib._bootstrap>", line 1007, in _find_and_load
  File "<frozen importlib._bootstrap>", line 986, in _find_and_load_unlocked
  File "<frozen importlib._bootstrap>", line 680, in _load_unlocked
  File "<frozen importlib._bootstrap_external>", line 850, in exec_module
  File "<frozen importlib._bootstrap>", line 228, in _call_with_frames_removed
  File "/Users/maxwell/PycharmProjects/PythonProject/Context_Augmented_Memory/proxy_api/app.py", line 8, in <module>
    from proxy_api.router import router
  File "/Users/maxwell/PycharmProjects/PythonProject/Context_Augmented_Memory/proxy_api/router.py", line 6, in <module>
    from proxy_api.services.normalize_output import normalize_response, fallback_normalize
ModuleNotFoundError: No module named 'proxy_api.services.normalize_output'
An error occurred: module 'importlib.metadata' has no attribute 'packages_distributions'
üåê Connected to Chroma server at localhost:8001
üîç Using collection: cam_memory
üìä Current entries: 17
üî• LOADED retrieval.py FROM: /Users/maxwell/PycharmProjects/PythonProject/Context_Augmented_Memory/modules/retrieval.py
WARNING:  WatchFiles detected changes in 'main.py'. Reloading...
/Users/maxwell/PycharmProjects/PythonProject/.venv/lib/python3.9/site-packages/google/api_core/_python_version_support.py:237: FutureWarning: You are using a non-supported Python version (3.9.6). Google will not post any further updates to google.api_core supporting this Python version. Please upgrade to the latest Python version, or at least Python 3.10, and then update google.api_core.
  warnings.warn(message, FutureWarning)
/Users/maxwell/PycharmProjects/PythonProject/.venv/lib/python3.9/site-packages/urllib3/__init__.py:35: NotOpenSSLWarning: urllib3 v2 only supports OpenSSL 1.1.1+, currently the 'ssl' module is compiled with 'LibreSSL 2.8.3'. See: https://github.com/urllib3/urllib3/issues/3020
  warnings.warn(
Process SpawnProcess-16:
Traceback (most recent call last):
  File "/Library/Developer/CommandLineTools/Library/Frameworks/Python3.framework/Versions/3.9/lib/python3.9/multiprocessing/process.py", line 315, in _bootstrap
    self.run()
  File "/Library/Developer/CommandLineTools/Library/Frameworks/Python3.framework/Versions/3.9/lib/python3.9/multiprocessing/process.py", line 108, in run
    self._target(*self._args, **self._kwargs)
  File "/Users/maxwell/PycharmProjects/PythonProject/.venv/lib/python3.9/site-packages/uvicorn/_subprocess.py", line 80, in subprocess_started
    target(sockets=sockets)
  File "/Users/maxwell/PycharmProjects/PythonProject/.venv/lib/python3.9/site-packages/uvicorn/server.py", line 67, in run
    return asyncio_run(self.serve(sockets=sockets), loop_factory=self.config.get_loop_factory())
  File "/Users/maxwell/PycharmProjects/PythonProject/.venv/lib/python3.9/site-packages/uvicorn/_compat.py", line 53, in asyncio_run
    return loop.run_until_complete(main)
  File "uvloop/loop.pyx", line 1518, in uvloop.loop.Loop.run_until_complete
  File "/Users/maxwell/PycharmProjects/PythonProject/.venv/lib/python3.9/site-packages/uvicorn/server.py", line 71, in serve
    await self._serve(sockets)
  File "/Users/maxwell/PycharmProjects/PythonProject/.venv/lib/python3.9/site-packages/uvicorn/server.py", line 78, in _serve
    config.load()
  File "/Users/maxwell/PycharmProjects/PythonProject/.venv/lib/python3.9/site-packages/uvicorn/config.py", line 438, in load
    self.loaded_app = import_from_string(self.app)
  File "/Users/maxwell/PycharmProjects/PythonProject/.venv/lib/python3.9/site-packages/uvicorn/importer.py", line 22, in import_from_string
    raise exc from None
  File "/Users/maxwell/PycharmProjects/PythonProject/.venv/lib/python3.9/site-packages/uvicorn/importer.py", line 19, in import_from_string
    module = importlib.import_module(module_str)
  File "/Library/Developer/CommandLineTools/Library/Frameworks/Python3.framework/Versions/3.9/lib/python3.9/importlib/__init__.py", line 127, in import_module
    return _bootstrap._gcd_import(name[level:], package, level)
  File "<frozen importlib._bootstrap>", line 1030, in _gcd_import
  File "<frozen importlib._bootstrap>", line 1007, in _find_and_load
  File "<frozen importlib._bootstrap>", line 986, in _find_and_load_unlocked
  File "<frozen importlib._bootstrap>", line 680, in _load_unlocked
  File "<frozen importlib._bootstrap_external>", line 850, in exec_module
  File "<frozen importlib._bootstrap>", line 228, in _call_with_frames_removed
  File "/Users/maxwell/PycharmProjects/PythonProject/Context_Augmented_Memory/proxy_api/app.py", line 8, in <module>
    from proxy_api.router import router
  File "/Users/maxwell/PycharmProjects/PythonProject/Context_Augmented_Memory/proxy_api/router.py", line 6, in <module>
    from proxy_api.services.normalize_output import normalize_response, fallback_normalize
ModuleNotFoundError: No module named 'proxy_api.services.normalize_output'
An error occurred: module 'importlib.metadata' has no attribute 'packages_distributions'
üåê Connected to Chroma server at localhost:8001
üîç Using collection: cam_memory
üìä Current entries: 17
üî• LOADED retrieval.py FROM: /Users/maxwell/PycharmProjects/PythonProject/Context_Augmented_Memory/modules/retrieval.py
WARNING:  WatchFiles detected changes in 'main.py'. Reloading...
/Users/maxwell/PycharmProjects/PythonProject/.venv/lib/python3.9/site-packages/google/api_core/_python_version_support.py:237: FutureWarning: You are using a non-supported Python version (3.9.6). Google will not post any further updates to google.api_core supporting this Python version. Please upgrade to the latest Python version, or at least Python 3.10, and then update google.api_core.
  warnings.warn(message, FutureWarning)
/Users/maxwell/PycharmProjects/PythonProject/.venv/lib/python3.9/site-packages/urllib3/__init__.py:35: NotOpenSSLWarning: urllib3 v2 only supports OpenSSL 1.1.1+, currently the 'ssl' module is compiled with 'LibreSSL 2.8.3'. See: https://github.com/urllib3/urllib3/issues/3020
  warnings.warn(
Process SpawnProcess-17:
Traceback (most recent call last):
  File "/Library/Developer/CommandLineTools/Library/Frameworks/Python3.framework/Versions/3.9/lib/python3.9/multiprocessing/process.py", line 315, in _bootstrap
    self.run()
  File "/Library/Developer/CommandLineTools/Library/Frameworks/Python3.framework/Versions/3.9/lib/python3.9/multiprocessing/process.py", line 108, in run
    self._target(*self._args, **self._kwargs)
  File "/Users/maxwell/PycharmProjects/PythonProject/.venv/lib/python3.9/site-packages/uvicorn/_subprocess.py", line 80, in subprocess_started
    target(sockets=sockets)
  File "/Users/maxwell/PycharmProjects/PythonProject/.venv/lib/python3.9/site-packages/uvicorn/server.py", line 67, in run
    return asyncio_run(self.serve(sockets=sockets), loop_factory=self.config.get_loop_factory())
  File "/Users/maxwell/PycharmProjects/PythonProject/.venv/lib/python3.9/site-packages/uvicorn/_compat.py", line 53, in asyncio_run
    return loop.run_until_complete(main)
  File "uvloop/loop.pyx", line 1518, in uvloop.loop.Loop.run_until_complete
  File "/Users/maxwell/PycharmProjects/PythonProject/.venv/lib/python3.9/site-packages/uvicorn/server.py", line 71, in serve
    await self._serve(sockets)
  File "/Users/maxwell/PycharmProjects/PythonProject/.venv/lib/python3.9/site-packages/uvicorn/server.py", line 78, in _serve
    config.load()
  File "/Users/maxwell/PycharmProjects/PythonProject/.venv/lib/python3.9/site-packages/uvicorn/config.py", line 438, in load
    self.loaded_app = import_from_string(self.app)
  File "/Users/maxwell/PycharmProjects/PythonProject/.venv/lib/python3.9/site-packages/uvicorn/importer.py", line 22, in import_from_string
    raise exc from None
  File "/Users/maxwell/PycharmProjects/PythonProject/.venv/lib/python3.9/site-packages/uvicorn/importer.py", line 19, in import_from_string
    module = importlib.import_module(module_str)
  File "/Library/Developer/CommandLineTools/Library/Frameworks/Python3.framework/Versions/3.9/lib/python3.9/importlib/__init__.py", line 127, in import_module
    return _bootstrap._gcd_import(name[level:], package, level)
  File "<frozen importlib._bootstrap>", line 1030, in _gcd_import
  File "<frozen importlib._bootstrap>", line 1007, in _find_and_load
  File "<frozen importlib._bootstrap>", line 986, in _find_and_load_unlocked
  File "<frozen importlib._bootstrap>", line 680, in _load_unlocked
  File "<frozen importlib._bootstrap_external>", line 850, in exec_module
  File "<frozen importlib._bootstrap>", line 228, in _call_with_frames_removed
  File "/Users/maxwell/PycharmProjects/PythonProject/Context_Augmented_Memory/proxy_api/app.py", line 8, in <module>
    from proxy_api.router import router
  File "/Users/maxwell/PycharmProjects/PythonProject/Context_Augmented_Memory/proxy_api/router.py", line 6, in <module>
    from proxy_api.services.normalize_output import normalize_response, fallback_normalize
ModuleNotFoundError: No module named 'proxy_api.services.normalize_output'
An error occurred: module 'importlib.metadata' has no attribute 'packages_distributions'
üåê Connected to Chroma server at localhost:8001
üîç Using collection: cam_memory
üìä Current entries: 17
üî• LOADED retrieval.py FROM: /Users/maxwell/PycharmProjects/PythonProject/Context_Augmented_Memory/modules/retrieval.py
WARNING:  WatchFiles detected changes in 'main.py'. Reloading...
/Users/maxwell/PycharmProjects/PythonProject/.venv/lib/python3.9/site-packages/google/api_core/_python_version_support.py:237: FutureWarning: You are using a non-supported Python version (3.9.6). Google will not post any further updates to google.api_core supporting this Python version. Please upgrade to the latest Python version, or at least Python 3.10, and then update google.api_core.
  warnings.warn(message, FutureWarning)
/Users/maxwell/PycharmProjects/PythonProject/.venv/lib/python3.9/site-packages/urllib3/__init__.py:35: NotOpenSSLWarning: urllib3 v2 only supports OpenSSL 1.1.1+, currently the 'ssl' module is compiled with 'LibreSSL 2.8.3'. See: https://github.com/urllib3/urllib3/issues/3020
  warnings.warn(
Process SpawnProcess-18:
Traceback (most recent call last):
  File "/Library/Developer/CommandLineTools/Library/Frameworks/Python3.framework/Versions/3.9/lib/python3.9/multiprocessing/process.py", line 315, in _bootstrap
    self.run()
  File "/Library/Developer/CommandLineTools/Library/Frameworks/Python3.framework/Versions/3.9/lib/python3.9/multiprocessing/process.py", line 108, in run
    self._target(*self._args, **self._kwargs)
  File "/Users/maxwell/PycharmProjects/PythonProject/.venv/lib/python3.9/site-packages/uvicorn/_subprocess.py", line 80, in subprocess_started
    target(sockets=sockets)
  File "/Users/maxwell/PycharmProjects/PythonProject/.venv/lib/python3.9/site-packages/uvicorn/server.py", line 67, in run
    return asyncio_run(self.serve(sockets=sockets), loop_factory=self.config.get_loop_factory())
  File "/Users/maxwell/PycharmProjects/PythonProject/.venv/lib/python3.9/site-packages/uvicorn/_compat.py", line 53, in asyncio_run
    return loop.run_until_complete(main)
  File "uvloop/loop.pyx", line 1518, in uvloop.loop.Loop.run_until_complete
  File "/Users/maxwell/PycharmProjects/PythonProject/.venv/lib/python3.9/site-packages/uvicorn/server.py", line 71, in serve
    await self._serve(sockets)
  File "/Users/maxwell/PycharmProjects/PythonProject/.venv/lib/python3.9/site-packages/uvicorn/server.py", line 78, in _serve
    config.load()
  File "/Users/maxwell/PycharmProjects/PythonProject/.venv/lib/python3.9/site-packages/uvicorn/config.py", line 438, in load
    self.loaded_app = import_from_string(self.app)
  File "/Users/maxwell/PycharmProjects/PythonProject/.venv/lib/python3.9/site-packages/uvicorn/importer.py", line 22, in import_from_string
    raise exc from None
  File "/Users/maxwell/PycharmProjects/PythonProject/.venv/lib/python3.9/site-packages/uvicorn/importer.py", line 19, in import_from_string
    module = importlib.import_module(module_str)
  File "/Library/Developer/CommandLineTools/Library/Frameworks/Python3.framework/Versions/3.9/lib/python3.9/importlib/__init__.py", line 127, in import_module
    return _bootstrap._gcd_import(name[level:], package, level)
  File "<frozen importlib._bootstrap>", line 1030, in _gcd_import
  File "<frozen importlib._bootstrap>", line 1007, in _find_and_load
  File "<frozen importlib._bootstrap>", line 986, in _find_and_load_unlocked
  File "<frozen importlib._bootstrap>", line 680, in _load_unlocked
  File "<frozen importlib._bootstrap_external>", line 850, in exec_module
  File "<frozen importlib._bootstrap>", line 228, in _call_with_frames_removed
  File "/Users/maxwell/PycharmProjects/PythonProject/Context_Augmented_Memory/proxy_api/app.py", line 8, in <module>
    from proxy_api.router import router
  File "/Users/maxwell/PycharmProjects/PythonProject/Context_Augmented_Memory/proxy_api/router.py", line 6, in <module>
    from proxy_api.services.normalize_output import normalize_response, fallback_normalize
ModuleNotFoundError: No module named 'proxy_api.services.normalize_output'
An error occurred: module 'importlib.metadata' has no attribute 'packages_distributions'
üåê Connected to Chroma server at localhost:8001
üîç Using collection: cam_memory
üìä Current entries: 18
üî• LOADED retrieval.py FROM: /Users/maxwell/PycharmProjects/PythonProject/Context_Augmented_Memory/modules/retrieval.py
WARNING:  WatchFiles detected changes in 'main.py'. Reloading...
/Users/maxwell/PycharmProjects/PythonProject/.venv/lib/python3.9/site-packages/google/api_core/_python_version_support.py:237: FutureWarning: You are using a non-supported Python version (3.9.6). Google will not post any further updates to google.api_core supporting this Python version. Please upgrade to the latest Python version, or at least Python 3.10, and then update google.api_core.
  warnings.warn(message, FutureWarning)
/Users/maxwell/PycharmProjects/PythonProject/.venv/lib/python3.9/site-packages/urllib3/__init__.py:35: NotOpenSSLWarning: urllib3 v2 only supports OpenSSL 1.1.1+, currently the 'ssl' module is compiled with 'LibreSSL 2.8.3'. See: https://github.com/urllib3/urllib3/issues/3020
  warnings.warn(
Process SpawnProcess-19:
Traceback (most recent call last):
  File "/Library/Developer/CommandLineTools/Library/Frameworks/Python3.framework/Versions/3.9/lib/python3.9/multiprocessing/process.py", line 315, in _bootstrap
    self.run()
  File "/Library/Developer/CommandLineTools/Library/Frameworks/Python3.framework/Versions/3.9/lib/python3.9/multiprocessing/process.py", line 108, in run
    self._target(*self._args, **self._kwargs)
  File "/Users/maxwell/PycharmProjects/PythonProject/.venv/lib/python3.9/site-packages/uvicorn/_subprocess.py", line 80, in subprocess_started
    target(sockets=sockets)
  File "/Users/maxwell/PycharmProjects/PythonProject/.venv/lib/python3.9/site-packages/uvicorn/server.py", line 67, in run
    return asyncio_run(self.serve(sockets=sockets), loop_factory=self.config.get_loop_factory())
  File "/Users/maxwell/PycharmProjects/PythonProject/.venv/lib/python3.9/site-packages/uvicorn/_compat.py", line 53, in asyncio_run
    return loop.run_until_complete(main)
  File "uvloop/loop.pyx", line 1518, in uvloop.loop.Loop.run_until_complete
  File "/Users/maxwell/PycharmProjects/PythonProject/.venv/lib/python3.9/site-packages/uvicorn/server.py", line 71, in serve
    await self._serve(sockets)
  File "/Users/maxwell/PycharmProjects/PythonProject/.venv/lib/python3.9/site-packages/uvicorn/server.py", line 78, in _serve
    config.load()
  File "/Users/maxwell/PycharmProjects/PythonProject/.venv/lib/python3.9/site-packages/uvicorn/config.py", line 438, in load
    self.loaded_app = import_from_string(self.app)
  File "/Users/maxwell/PycharmProjects/PythonProject/.venv/lib/python3.9/site-packages/uvicorn/importer.py", line 22, in import_from_string
    raise exc from None
  File "/Users/maxwell/PycharmProjects/PythonProject/.venv/lib/python3.9/site-packages/uvicorn/importer.py", line 19, in import_from_string
    module = importlib.import_module(module_str)
  File "/Library/Developer/CommandLineTools/Library/Frameworks/Python3.framework/Versions/3.9/lib/python3.9/importlib/__init__.py", line 127, in import_module
    return _bootstrap._gcd_import(name[level:], package, level)
  File "<frozen importlib._bootstrap>", line 1030, in _gcd_import
  File "<frozen importlib._bootstrap>", line 1007, in _find_and_load
  File "<frozen importlib._bootstrap>", line 986, in _find_and_load_unlocked
  File "<frozen importlib._bootstrap>", line 680, in _load_unlocked
  File "<frozen importlib._bootstrap_external>", line 850, in exec_module
  File "<frozen importlib._bootstrap>", line 228, in _call_with_frames_removed
  File "/Users/maxwell/PycharmProjects/PythonProject/Context_Augmented_Memory/proxy_api/app.py", line 8, in <module>
    from proxy_api.router import router
  File "/Users/maxwell/PycharmProjects/PythonProject/Context_Augmented_Memory/proxy_api/router.py", line 6, in <module>
    from proxy_api.services.normalize_output import normalize_response, fallback_normalize
ModuleNotFoundError: No module named 'proxy_api.services.normalize_output'
An error occurred: module 'importlib.metadata' has no attribute 'packages_distributions'
üåê Connected to Chroma server at localhost:8001
üîç Using collection: cam_memory
üìä Current entries: 19
üî• LOADED retrieval.py FROM: /Users/maxwell/PycharmProjects/PythonProject/Context_Augmented_Memory/modules/retrieval.py
